<?xml version="1.0" encoding="UTF-8"?>
<!-- Generated by org.testng.reporters.JUnitReportReporter -->
<testsuite hostname="minhcongdz" failures="0" tests="3" name="demo.selenium.TestLogin" time="20.829" errors="0" timestamp="2021-05-26T13:44:46 ICT" skipped="0">
  <testcase classname="demo.selenium.TestLogin" name="testfirst" time="7.448"/>
  <system-out/>
  <testcase classname="demo.selenium.TestLogin" name="test2" time="6.982"/>
  <system-out/>
  <testcase classname="demo.selenium.TestLogin" name="test3" time="6.399"/>
  <system-out/>
</testsuite> <!-- demo.selenium.TestLogin -->
