<?xml version="1.0" encoding="UTF-8"?>
<!-- Generated by org.testng.reporters.JUnitReportReporter -->
<testsuite hostname="minhcongdz" failures="0" tests="5" name="demo.selenium.TestRegister" time="31.669" errors="0" timestamp="2021-05-26T13:49:51 ICT" skipped="0">
  <testcase classname="demo.selenium.TestRegister" name="testRegister" time="6.620"/>
  <system-out/>
  <testcase classname="demo.selenium.TestRegister" name="testRegister2" time="7.268"/>
  <system-out/>
  <testcase classname="demo.selenium.TestRegister" name="testRegister3" time="6.203"/>
  <system-out/>
  <testcase classname="demo.selenium.TestRegister" name="testRegister4" time="5.397"/>
  <system-out/>
  <testcase classname="demo.selenium.TestRegister" name="testRegister5" time="6.181"/>
  <system-out/>
</testsuite> <!-- demo.selenium.TestRegister -->
