<?xml version="1.0" encoding="UTF-8"?>
<!-- Generated by org.testng.reporters.JUnitReportReporter -->
<testsuite hostname="minhcongdz" failures="0" tests="3" name="demo.selenium.SaveToExcel" time="24.570" errors="0" timestamp="2021-05-25T23:21:36 ICT" skipped="0">
  <testcase classname="demo.selenium.SaveToExcel" name="testfirst" time="6.120"/>
  <system-out/>
  <testcase classname="demo.selenium.SaveToExcel" name="test2" time="8.501"/>
  <system-out/>
  <testcase classname="demo.selenium.SaveToExcel" name="test3" time="9.949"/>
  <system-out/>
</testsuite> <!-- demo.selenium.SaveToExcel -->
