<?xml version="1.0" encoding="UTF-8"?>
<!-- Generated by org.testng.reporters.JUnitReportReporter -->
<testsuite hostname="minhcongdz" failures="0" tests="1" name="demo.selenium.TestSelenium" time="8.765" errors="0" timestamp="2021-05-26T13:38:52 ICT" skipped="0">
  <testcase classname="demo.selenium.TestSelenium" name="testSearch" time="8.765"/>
  <system-out/>
</testsuite> <!-- demo.selenium.TestSelenium -->
