<?xml version="1.0" encoding="UTF-8"?>
<!-- Generated by org.testng.reporters.JUnitReportReporter -->
<testsuite hostname="DESKTOP-C2N7RQP" failures="0" tests="10" name="demo.selenium.TestLogin" time="45.862" errors="0" timestamp="2021-05-26T20:47:27 ICT" skipped="0">
  <testcase classname="demo.selenium.TestLogin" name="LoginDungThongTin" time="5.006"/>
  <system-out/>
  <testcase classname="demo.selenium.TestLogin" name="LoginSaiPassword" time="4.657"/>
  <system-out/>
  <testcase classname="demo.selenium.TestLogin" name="LoginSaiUsername" time="4.627"/>
  <system-out/>
  <testcase classname="demo.selenium.TestLogin" name="KhongNhapUsername" time="4.519"/>
  <system-out/>
  <testcase classname="demo.selenium.TestLogin" name="KhongNhapPassword" time="4.300"/>
  <system-out/>
  <testcase classname="demo.selenium.TestLogin" name="KhongNhapUsernamePassword" time="4.278"/>
  <system-out/>
  <testcase classname="demo.selenium.TestLogin" name="KhoangTrangTruocUsername" time="4.561"/>
  <system-out/>
  <testcase classname="demo.selenium.TestLogin" name="KhoangTrangTruocPassword" time="4.571"/>
  <system-out/>
  <testcase classname="demo.selenium.TestLogin" name="UsernamePasswordLaKhoangTrang" time="4.515"/>
  <system-out/>
  <testcase classname="demo.selenium.TestLogin" name="LoginWithRemember" time="4.828"/>
  <system-out/>
</testsuite> <!-- demo.selenium.TestLogin -->
